1LISTING OF CHIL SOURCE FROM FILE - rins                                                                            

    1  $LSTL 8192                                                                      
    2  $NPR  30                                                                        
    3  $LPR  1 TO 30 = 2048                                                            
    4  $DIP  GE(30)                                                                    
    5  $ASS  GE(1 TO 30) = 1,1                                                         
    6  $H32                                                                            
    7        DO 10 I=1,30                                                              
    8        H(GE(I))  L(512)                                                          
    9     10 CONTINUE                                                                  
1  HID HT X-HIS-PAR   Y-HIS-PAR  WPC XLEN  YLEN  ...X-RANGE  ...Y-RANGE X-TST-PAR   Y-TST-PAR   FORM    LO    HI  LENG LINE#  DSKOFF
     1 H  GE(1)                   2   512     0     0   511     0     0                                                    8       0
     2 H  GE(2)                   2   512     0     0   511     0     0                                                    8    1024
     3 H  GE(3)                   2   512     0     0   511     0     0                                                    8    2048
     4 H  GE(4)                   2   512     0     0   511     0     0                                                    8    3072
     5 H  GE(5)                   2   512     0     0   511     0     0                                                    8    4096
     6 H  GE(6)                   2   512     0     0   511     0     0                                                    8    5120
     7 H  GE(7)                   2   512     0     0   511     0     0                                                    8    6144
     8 H  GE(8)                   2   512     0     0   511     0     0                                                    8    7168
     9 H  GE(9)                   2   512     0     0   511     0     0                                                    8    8192
    10 H  GE(10)                  2   512     0     0   511     0     0                                                    8    9216
    11 H  GE(11)                  2   512     0     0   511     0     0                                                    8   10240
    12 H  GE(12)                  2   512     0     0   511     0     0                                                    8   11264
    13 H  GE(13)                  2   512     0     0   511     0     0                                                    8   12288
    14 H  GE(14)                  2   512     0     0   511     0     0                                                    8   13312
    15 H  GE(15)                  2   512     0     0   511     0     0                                                    8   14336
    16 H  GE(16)                  2   512     0     0   511     0     0                                                    8   15360
    17 H  GE(17)                  2   512     0     0   511     0     0                                                    8   16384
    18 H  GE(18)                  2   512     0     0   511     0     0                                                    8   17408
    19 H  GE(19)                  2   512     0     0   511     0     0                                                    8   18432
    20 H  GE(20)                  2   512     0     0   511     0     0                                                    8   19456
    21 H  GE(21)                  2   512     0     0   511     0     0                                                    8   20480
    22 H  GE(22)                  2   512     0     0   511     0     0                                                    8   21504
    23 H  GE(23)                  2   512     0     0   511     0     0                                                    8   22528
    24 H  GE(24)                  2   512     0     0   511     0     0                                                    8   23552
    25 H  GE(25)                  2   512     0     0   511     0     0                                                    8   24576
    26 H  GE(26)                  2   512     0     0   511     0     0                                                    8   25600
    27 H  GE(27)                  2   512     0     0   511     0     0                                                    8   26624
    28 H  GE(28)                  2   512     0     0   511     0     0                                                    8   27648
    29 H  GE(29)                  2   512     0     0   511     0     0                                                    8   28672
    30 H  GE(30)                  2   512     0     0   511     0     0                                                    8   29696
 
 HIS-FILE REQUIRES    65536 BYTES

 -----------------------------------------------

