1LISTING OF CHIL SOURCE FROM FILE - rinx                                                                            

    1  $LSTL 8192                                                                      
    2  $NPR  30                                                                        
    3  $LPR  1 TO 30 = 2048                                                            
    4  $BAN (256) 1,2                                                                  
    5  $BAF rinx.ban                                                                   
    6  $GAT (1,5) (2,2)                                                                
    7  $MAPF (2048) 1,2                                                                
    8  $GAF rinx.gaf                                                                   
    9  $H32                                                                            
   10                                                                                  
   11        H(15,17) L(256,256) R(0,199 0,199)                                        
   12                                                                                  
   13        IFS(B(15,17,1)) 10                                                        
   14        IFS(B(15,17,2)) 10                                                        
   15        GO TO 20                                                                  
   16                                                                                  
   17     10 H(15,17) L(256,256) R(0,199 0,199)                                        
   18                                                                                  
   19        H(15) L(512) B(15,17 1,2)                                                 
   20     20 CONTINUE                                                                  
   21        H(15) L(512) GS(15,2,1,2)                                                 
   22        H(15) L(512) GS(15,1,1,1)                                                 
   23        DO 30 I=2,5                                                               
   24        OH(15) L(512) GS(15,1,I,I)                                                
   25     30 CONTINUE                                                                  
   26        IFC(GS(15,1,1,5))101,102,103,104,105                                      
   27        GO TO 200                                                                 
   28    101 H(15) L(512)                                                              
   29        GO TO 200                                                                 
   30    102 H(15) L(512)                                                              
   31        GO TO 200                                                                 
   32    103 H(15) L(512)                                                              
   33        GO TO 200                                                                 
   34    104 H(15) L(512)                                                              
   35        GO TO 200                                                                 
   36    105 H(15) L(512)                                                              
   37                                                                                  
   38    200 IFC(B(15,17 1,2)) 201,202                                                 
   39        GO TO 300                                                                 
   40    201 H(15) L(512)                                                              
   41        GO TO 300                                                                 
   42    202 H(15) L(512)                                                              
   43    300 CONTINUE                                                                  
1  HID HT X-HIS-PAR   Y-HIS-PAR  WPC XLEN  YLEN  ...X-RANGE  ...Y-RANGE X-TST-PAR   Y-TST-PAR   FORM    LO    HI  LENG LINE#  DSKOFF
     1 H  15          17          2   256   256     0   199     0   199                                                   11       0
     2 H  15          17          2   256   256     0   199     0   199                                                   17   80000
     3 H  15                      2   512     0     0   511     0     0 15          17          BAN      1     1          19  160000
     4 H  15                      2   512     0     0   511     0     0 15          17          BAN      2     2          19  161024
     5 H  15                      2   512     0     0   511     0     0 15                      MAP      0  1023          21  162048
     6 H  15                      2   512     0     0   511     0     0 15                      MAP   1024  2047          21  163072
     7 H  15                      2   512     0     0   511     0     0 15                      LIST     0   127          22  164096
     7 OH 15                      2   512     0     0   511     0     0 15                      LIST   128   255          24  164096
     7 OH 15                      2   512     0     0   511     0     0 15                      LIST   256   511          24  164096
     7 OH 15                      2   512     0     0   511     0     0 15                      LIST   512  1023          24  164096
     7 OH 15                      2   512     0     0   511     0     0 15                      LIST  1024  2047          24  164096
     8 H  15                      2   512     0     0   511     0     0                                                   28  165120
     9 H  15                      2   512     0     0   511     0     0                                                   30  166144
    10 H  15                      2   512     0     0   511     0     0                                                   32  167168
    11 H  15                      2   512     0     0   511     0     0                                                   34  168192
    12 H  15                      2   512     0     0   511     0     0                                                   36  169216
    13 H  15                      2   512     0     0   511     0     0                                                   40  170240
    14 H  15                      2   512     0     0   511     0     0                                                   42  171264
 
 HIS-FILE REQUIRES   393216 BYTES

 -----------------------------------------------

